mode: set
Ramadina/CleanArchitecture/feature/user/service/logic.go:15.63,20.2 1 1
Ramadina/CleanArchitecture/feature/user/service/logic.go:22.62,24.16 2 1
Ramadina/CleanArchitecture/feature/user/service/logic.go:27.2,27.18 1 1
Ramadina/CleanArchitecture/feature/user/service/logic.go:24.16,26.3 1 1
Ramadina/CleanArchitecture/feature/user/service/logic.go:30.59,35.65 1 1
Ramadina/CleanArchitecture/feature/user/service/logic.go:38.2,41.22 3 1
Ramadina/CleanArchitecture/feature/user/service/logic.go:44.2,44.12 1 1
Ramadina/CleanArchitecture/feature/user/service/logic.go:35.65,37.3 1 1
Ramadina/CleanArchitecture/feature/user/service/logic.go:41.22,43.3 1 1
Ramadina/CleanArchitecture/feature/user/service/logic.go:47.69,49.16 2 1
Ramadina/CleanArchitecture/feature/user/service/logic.go:52.2,52.18 1 1
Ramadina/CleanArchitecture/feature/user/service/logic.go:49.16,51.3 1 1
Ramadina/CleanArchitecture/feature/user/service/logic.go:55.60,57.22 2 1
Ramadina/CleanArchitecture/feature/user/service/logic.go:61.2,61.12 1 1
Ramadina/CleanArchitecture/feature/user/service/logic.go:57.22,59.3 1 1
Ramadina/CleanArchitecture/feature/user/service/logic.go:64.60,66.22 2 1
Ramadina/CleanArchitecture/feature/user/service/logic.go:69.2,69.12 1 1
Ramadina/CleanArchitecture/feature/user/service/logic.go:66.22,68.3 1 1
